
> ivos-fleet-management@1.0.0 dev
> vite


  VITE v5.4.21  ready in 331 ms

  ➜  Local:   http://localhost:3000/
  ➜  Network: http://192.168.1.17:3000/
  ➜  press h + enter to show help
6:52:21 AM [vite] ✨ new dependencies optimized: leaflet
6:52:21 AM [vite] ✨ optimized dependencies changed. reloading

> ivos-fleet-management@1.0.0 dev
> vite


  VITE v5.4.21  ready in 326 ms

  ➜  Local:   http://localhost:3000/
  ➜  Network: http://192.168.1.17:3000/
  ➜  press h + enter to show help

> ivos-fleet-management@1.0.0 dev
> vite


  VITE v5.4.21  ready in 850 ms

  ➜  Local:   http://localhost:3000/
  ➜  Network: http://192.168.1.17:3000/
  ➜  press h + enter to show help
